<?xml version="1.0" encoding="UTF-8"?>
<testsuite xmlns:xsi="http://www.w3.org/2001/XMLSchema-instance" xsi:noNamespaceSchemaLocation="https://maven.apache.org/surefire/maven-surefire-plugin/xsd/surefire-test-report-3.0.xsd" version="3.0" name="com.examly.AppTest" time="0.259" tests="26" errors="0" skipped="0" failures="0">
  <properties>
    <property name="java.specification.version" value="17"/>
    <property name="sun.jnu.encoding" value="UTF-8"/>
    <property name="java.class.path" value="/home/coder/project/workspace/restaurant/target/test-classes:/home/coder/project/workspace/restaurant/target/classes:/home/coder/.m2/repository/org/junit/jupiter/junit-jupiter-api/5.9.0/junit-jupiter-api-5.9.0.jar:/home/coder/.m2/repository/org/opentest4j/opentest4j/1.2.0/opentest4j-1.2.0.jar:/home/coder/.m2/repository/org/junit/platform/junit-platform-commons/1.9.0/junit-platform-commons-1.9.0.jar:/home/coder/.m2/repository/org/apiguardian/apiguardian-api/1.1.2/apiguardian-api-1.1.2.jar:/home/coder/.m2/repository/org/junit/jupiter/junit-jupiter-engine/5.9.0/junit-jupiter-engine-5.9.0.jar:/home/coder/.m2/repository/org/junit/platform/junit-platform-engine/1.9.0/junit-platform-engine-1.9.0.jar:/home/coder/.m2/repository/com/mysql/mysql-connector-j/8.0.33/mysql-connector-j-8.0.33.jar:/home/coder/.m2/repository/com/google/protobuf/protobuf-java/3.21.9/protobuf-java-3.21.9.jar:/home/coder/.m2/repository/org/mockito/mockito-inline/4.0.0/mockito-inline-4.0.0.jar:/home/coder/.m2/repository/org/mockito/mockito-core/4.5.1/mockito-core-4.5.1.jar:/home/coder/.m2/repository/net/bytebuddy/byte-buddy/1.12.9/byte-buddy-1.12.9.jar:/home/coder/.m2/repository/net/bytebuddy/byte-buddy-agent/1.12.9/byte-buddy-agent-1.12.9.jar:/home/coder/.m2/repository/org/objenesis/objenesis/3.2/objenesis-3.2.jar:/home/coder/.m2/repository/org/mockito/mockito-junit-jupiter/4.5.1/mockito-junit-jupiter-4.5.1.jar:"/>
    <property name="java.vm.vendor" value="Debian"/>
    <property name="sun.arch.data.model" value="64"/>
    <property name="java.vendor.url" value="https://tracker.debian.org/openjdk-17"/>
    <property name="user.timezone" value="Etc/UTC"/>
    <property name="os.name" value="Linux"/>
    <property name="java.vm.specification.version" value="17"/>
    <property name="sun.java.launcher" value="SUN_STANDARD"/>
    <property name="user.country" value="US"/>
    <property name="sun.boot.library.path" value="/usr/lib/jvm/java-17-openjdk-amd64/lib"/>
    <property name="sun.java.command" value="/home/coder/project/workspace/restaurant/target/surefire/surefirebooter-20250601110740248_3.jar /home/coder/project/workspace/restaurant/target/surefire 2025-06-01T11-07-40_052-jvmRun1 surefire-20250601110740248_1tmp surefire_0-20250601110740248_2tmp"/>
    <property name="jdk.debug" value="release"/>
    <property name="surefire.test.class.path" value="/home/coder/project/workspace/restaurant/target/test-classes:/home/coder/project/workspace/restaurant/target/classes:/home/coder/.m2/repository/org/junit/jupiter/junit-jupiter-api/5.9.0/junit-jupiter-api-5.9.0.jar:/home/coder/.m2/repository/org/opentest4j/opentest4j/1.2.0/opentest4j-1.2.0.jar:/home/coder/.m2/repository/org/junit/platform/junit-platform-commons/1.9.0/junit-platform-commons-1.9.0.jar:/home/coder/.m2/repository/org/apiguardian/apiguardian-api/1.1.2/apiguardian-api-1.1.2.jar:/home/coder/.m2/repository/org/junit/jupiter/junit-jupiter-engine/5.9.0/junit-jupiter-engine-5.9.0.jar:/home/coder/.m2/repository/org/junit/platform/junit-platform-engine/1.9.0/junit-platform-engine-1.9.0.jar:/home/coder/.m2/repository/com/mysql/mysql-connector-j/8.0.33/mysql-connector-j-8.0.33.jar:/home/coder/.m2/repository/com/google/protobuf/protobuf-java/3.21.9/protobuf-java-3.21.9.jar:/home/coder/.m2/repository/org/mockito/mockito-inline/4.0.0/mockito-inline-4.0.0.jar:/home/coder/.m2/repository/org/mockito/mockito-core/4.5.1/mockito-core-4.5.1.jar:/home/coder/.m2/repository/net/bytebuddy/byte-buddy/1.12.9/byte-buddy-1.12.9.jar:/home/coder/.m2/repository/net/bytebuddy/byte-buddy-agent/1.12.9/byte-buddy-agent-1.12.9.jar:/home/coder/.m2/repository/org/objenesis/objenesis/3.2/objenesis-3.2.jar:/home/coder/.m2/repository/org/mockito/mockito-junit-jupiter/4.5.1/mockito-junit-jupiter-4.5.1.jar:"/>
    <property name="sun.cpu.endian" value="little"/>
    <property name="user.home" value="/home/coder"/>
    <property name="user.language" value="en"/>
    <property name="java.specification.vendor" value="Oracle Corporation"/>
    <property name="java.version.date" value="2025-01-21"/>
    <property name="java.home" value="/usr/lib/jvm/java-17-openjdk-amd64"/>
    <property name="file.separator" value="/"/>
    <property name="basedir" value="/home/coder/project/workspace/restaurant"/>
    <property name="java.vm.compressedOopsMode" value="32-bit"/>
    <property name="line.separator" value="&#10;"/>
    <property name="java.vm.specification.vendor" value="Oracle Corporation"/>
    <property name="java.specification.name" value="Java Platform API Specification"/>
    <property name="surefire.real.class.path" value="/home/coder/project/workspace/restaurant/target/surefire/surefirebooter-20250601110740248_3.jar"/>
    <property name="sun.management.compiler" value="HotSpot 64-Bit Tiered Compilers"/>
    <property name="java.runtime.version" value="17.0.14+7-Debian-1deb11u1"/>
    <property name="user.name" value="coder"/>
    <property name="path.separator" value=":"/>
    <property name="os.version" value="5.15.0-1088-azure"/>
    <property name="java.runtime.name" value="OpenJDK Runtime Environment"/>
    <property name="file.encoding" value="UTF-8"/>
    <property name="java.vm.name" value="OpenJDK 64-Bit Server VM"/>
    <property name="localRepository" value="/home/coder/.m2/repository"/>
    <property name="java.vendor.url.bug" value="https://bugs.debian.org/openjdk-17"/>
    <property name="java.io.tmpdir" value="/tmp"/>
    <property name="java.version" value="17.0.14"/>
    <property name="user.dir" value="/home/coder/project/workspace/restaurant"/>
    <property name="os.arch" value="amd64"/>
    <property name="java.vm.specification.name" value="Java Virtual Machine Specification"/>
    <property name="native.encoding" value="UTF-8"/>
    <property name="java.library.path" value="/usr/java/packages/lib:/usr/lib/x86_64-linux-gnu/jni:/lib/x86_64-linux-gnu:/usr/lib/x86_64-linux-gnu:/usr/lib/jni:/lib:/usr/lib"/>
    <property name="java.vm.info" value="mixed mode, sharing"/>
    <property name="java.vendor" value="Debian"/>
    <property name="java.vm.version" value="17.0.14+7-Debian-1deb11u1"/>
    <property name="java.specification.maintenance.version" value="1"/>
    <property name="sun.io.unicode.encoding" value="UnicodeLittle"/>
    <property name="java.class.version" value="61.0"/>
  </properties>
  <testcase name="testEntityFolder" classname="com.examly.AppTest" time="0.013"/>
  <testcase name="testExceptionFolder" classname="com.examly.AppTest" time="0.001"/>
  <testcase name="testServiceFolder" classname="com.examly.AppTest" time="0.001"/>
  <testcase name="testCustomerInsertQueryExists" classname="com.examly.AppTest" time="0.002"/>
  <testcase name="testRestaurantInsertQueryExists" classname="com.examly.AppTest" time="0.001"/>
  <testcase name="testMenuInsertQueryExists" classname="com.examly.AppTest" time="0.001"/>
  <testcase name="testOrderInsertQueryExists" classname="com.examly.AppTest" time="0"/>
  <testcase name="testCustomerFileExists" classname="com.examly.AppTest" time="0.001"/>
  <testcase name="testMenuFileExists" classname="com.examly.AppTest" time="0.001"/>
  <testcase name="testOrderFileExists" classname="com.examly.AppTest" time="0"/>
  <testcase name="testOrderItemFileExists" classname="com.examly.AppTest" time="0.001"/>
  <testcase name="testPaymentFileExists" classname="com.examly.AppTest" time="0.001"/>
  <testcase name="testRestaurantFileExists" classname="com.examly.AppTest" time="0.001"/>
  <testcase name="testEmaliAlreadyRegisteredExceptionFile" classname="com.examly.AppTest" time="0"/>
  <testcase name="testRestaurantNotFoundExceptionFile" classname="com.examly.AppTest" time="0"/>
  <testcase name="testCustomerServiceFile" classname="com.examly.AppTest" time="0.001"/>
  <testcase name="testCustomerServiceImplFile" classname="com.examly.AppTest" time="0.001"/>
  <testcase name="testRestaurantServiceFile" classname="com.examly.AppTest" time="0.001"/>
  <testcase name="testRestaurantServiceImplFile" classname="com.examly.AppTest" time="0.001"/>
  <testcase name="testMenuServiceFile" classname="com.examly.AppTest" time="0.001"/>
  <testcase name="testMenuServiceImplFile" classname="com.examly.AppTest" time="0.001"/>
  <testcase name="testOrderServiceFile" classname="com.examly.AppTest" time="0.001"/>
  <testcase name="testOrderServiceImplFile" classname="com.examly.AppTest" time="0.001"/>
  <testcase name="testPaymentServiceFile" classname="com.examly.AppTest" time="0"/>
  <testcase name="testPaymentServiceImplFile" classname="com.examly.AppTest" time="0"/>
  <testcase name="testCustomerRegistration" classname="com.examly.AppTest" time="0.04">
    <system-out><![CDATA[Row count before: 1
Row count after: 2
]]></system-out>
  </testcase>
</testsuite>